<?xml version="1.0" encoding="UTF-8"?>
<testsuite xmlns:xsi="http://www.w3.org/2001/XMLSchema-instance" xsi:noNamespaceSchemaLocation="https://maven.apache.org/surefire/maven-surefire-plugin/xsd/surefire-test-report-3.0.xsd" version="3.0" name="TestSuite" time="148.886" tests="8" errors="0" skipped="0" failures="0">
  <properties>
    <property name="sun.desktop" value="windows"/>
    <property name="awt.toolkit" value="sun.awt.windows.WToolkit"/>
    <property name="file.encoding.pkg" value="sun.io"/>
    <property name="java.specification.version" value="1.8"/>
    <property name="webdriver.chrome.driver" value="C:\Users\hsoezen\.cache\selenium\chromedriver\win32\107.0.5304.62\chromedriver.exe"/>
    <property name="sun.cpu.isalist" value="amd64"/>
    <property name="sun.jnu.encoding" value="Cp1252"/>
    <property name="java.class.path" value="C:\Users\hsoezen\IdeaProjects\BarmeniaHS\target\test-classes;C:\Users\hsoezen\IdeaProjects\BarmeniaHS\target\classes;C:\Users\hsoezen\.m2\repository\org\seleniumhq\selenium\selenium-java\4.5.1\selenium-java-4.5.1.jar;C:\Users\hsoezen\.m2\repository\org\seleniumhq\selenium\selenium-api\4.5.1\selenium-api-4.5.1.jar;C:\Users\hsoezen\.m2\repository\org\seleniumhq\selenium\selenium-chrome-driver\4.5.1\selenium-chrome-driver-4.5.1.jar;C:\Users\hsoezen\.m2\repository\org\seleniumhq\selenium\selenium-chromium-driver\4.5.1\selenium-chromium-driver-4.5.1.jar;C:\Users\hsoezen\.m2\repository\org\seleniumhq\selenium\selenium-devtools-v104\4.5.1\selenium-devtools-v104-4.5.1.jar;C:\Users\hsoezen\.m2\repository\org\seleniumhq\selenium\selenium-devtools-v105\4.5.1\selenium-devtools-v105-4.5.1.jar;C:\Users\hsoezen\.m2\repository\org\seleniumhq\selenium\selenium-devtools-v106\4.5.1\selenium-devtools-v106-4.5.1.jar;C:\Users\hsoezen\.m2\repository\org\seleniumhq\selenium\selenium-devtools-v85\4.5.1\selenium-devtools-v85-4.5.1.jar;C:\Users\hsoezen\.m2\repository\org\seleniumhq\selenium\selenium-edge-driver\4.5.1\selenium-edge-driver-4.5.1.jar;C:\Users\hsoezen\.m2\repository\org\seleniumhq\selenium\selenium-firefox-driver\4.5.1\selenium-firefox-driver-4.5.1.jar;C:\Users\hsoezen\.m2\repository\org\seleniumhq\selenium\selenium-ie-driver\4.5.1\selenium-ie-driver-4.5.1.jar;C:\Users\hsoezen\.m2\repository\org\seleniumhq\selenium\selenium-safari-driver\4.5.1\selenium-safari-driver-4.5.1.jar;C:\Users\hsoezen\.m2\repository\org\seleniumhq\selenium\selenium-support\4.5.1\selenium-support-4.5.1.jar;C:\Users\hsoezen\.m2\repository\io\github\bonigarcia\webdrivermanager\5.1.1\webdrivermanager-5.1.1.jar;C:\Users\hsoezen\.m2\repository\com\google\code\gson\gson\2.9.0\gson-2.9.0.jar;C:\Users\hsoezen\.m2\repository\com\github\docker-java\docker-java\3.2.13\docker-java-3.2.13.jar;C:\Users\hsoezen\.m2\repository\com\github\docker-java\docker-java-core\3.2.13\docker-java-core-3.2.13.jar;C:\Users\hsoezen\.m2\repository\com\github\docker-java\docker-java-api\3.2.13\docker-java-api-3.2.13.jar;C:\Users\hsoezen\.m2\repository\com\fasterxml\jackson\core\jackson-annotations\2.10.3\jackson-annotations-2.10.3.jar;C:\Users\hsoezen\.m2\repository\commons-io\commons-io\2.6\commons-io-2.6.jar;C:\Users\hsoezen\.m2\repository\org\apache\commons\commons-compress\1.21\commons-compress-1.21.jar;C:\Users\hsoezen\.m2\repository\com\fasterxml\jackson\core\jackson-databind\2.10.3\jackson-databind-2.10.3.jar;C:\Users\hsoezen\.m2\repository\com\fasterxml\jackson\core\jackson-core\2.10.3\jackson-core-2.10.3.jar;C:\Users\hsoezen\.m2\repository\org\bouncycastle\bcpkix-jdk15on\1.64\bcpkix-jdk15on-1.64.jar;C:\Users\hsoezen\.m2\repository\org\bouncycastle\bcprov-jdk15on\1.64\bcprov-jdk15on-1.64.jar;C:\Users\hsoezen\.m2\repository\org\slf4j\jcl-over-slf4j\1.7.30\jcl-over-slf4j-1.7.30.jar;C:\Users\hsoezen\.m2\repository\com\github\docker-java\docker-java-transport-httpclient5\3.2.13\docker-java-transport-httpclient5-3.2.13.jar;C:\Users\hsoezen\.m2\repository\com\github\docker-java\docker-java-transport\3.2.13\docker-java-transport-3.2.13.jar;C:\Users\hsoezen\.m2\repository\net\java\dev\jna\jna\5.8.0\jna-5.8.0.jar;C:\Users\hsoezen\.m2\repository\org\brotli\dec\0.1.2\dec-0.1.2.jar;C:\Users\hsoezen\.m2\repository\org\apache\commons\commons-lang3\3.12.0\commons-lang3-3.12.0.jar;C:\Users\hsoezen\.m2\repository\org\apache\httpcomponents\client5\httpclient5\5.1.3\httpclient5-5.1.3.jar;C:\Users\hsoezen\.m2\repository\org\apache\httpcomponents\core5\httpcore5\5.1.3\httpcore5-5.1.3.jar;C:\Users\hsoezen\.m2\repository\org\apache\httpcomponents\core5\httpcore5-h2\5.1.3\httpcore5-h2-5.1.3.jar;C:\Users\hsoezen\.m2\repository\commons-codec\commons-codec\1.15\commons-codec-1.15.jar;C:\Users\hsoezen\.m2\repository\org\testng\testng\7.1.0\testng-7.1.0.jar;C:\Users\hsoezen\.m2\repository\com\beust\jcommander\1.72\jcommander-1.72.jar;C:\Users\hsoezen\.m2\repository\com\google\inject\guice\4.1.0\guice-4.1.0-no_aop.jar;C:\Users\hsoezen\.m2\repository\javax\inject\javax.inject\1\javax.inject-1.jar;C:\Users\hsoezen\.m2\repository\aopalliance\aopalliance\1.0\aopalliance-1.0.jar;C:\Users\hsoezen\.m2\repository\org\yaml\snakeyaml\1.21\snakeyaml-1.21.jar;C:\Users\hsoezen\.m2\repository\org\seleniumhq\selenium\selenium-remote-driver\4.6.0\selenium-remote-driver-4.6.0.jar;C:\Users\hsoezen\.m2\repository\com\google\auto\service\auto-service-annotations\1.0.1\auto-service-annotations-1.0.1.jar;C:\Users\hsoezen\.m2\repository\com\google\auto\service\auto-service\1.0.1\auto-service-1.0.1.jar;C:\Users\hsoezen\.m2\repository\com\google\auto\auto-common\1.2\auto-common-1.2.jar;C:\Users\hsoezen\.m2\repository\com\google\guava\guava\31.1-jre\guava-31.1-jre.jar;C:\Users\hsoezen\.m2\repository\com\google\guava\failureaccess\1.0.1\failureaccess-1.0.1.jar;C:\Users\hsoezen\.m2\repository\com\google\guava\listenablefuture\9999.0-empty-to-avoid-conflict-with-guava\listenablefuture-9999.0-empty-to-avoid-conflict-with-guava.jar;C:\Users\hsoezen\.m2\repository\com\google\code\findbugs\jsr305\3.0.2\jsr305-3.0.2.jar;C:\Users\hsoezen\.m2\repository\org\checkerframework\checker-qual\3.12.0\checker-qual-3.12.0.jar;C:\Users\hsoezen\.m2\repository\com\google\errorprone\error_prone_annotations\2.11.0\error_prone_annotations-2.11.0.jar;C:\Users\hsoezen\.m2\repository\com\google\j2objc\j2objc-annotations\1.3\j2objc-annotations-1.3.jar;C:\Users\hsoezen\.m2\repository\io\netty\netty-buffer\4.1.84.Final\netty-buffer-4.1.84.Final.jar;C:\Users\hsoezen\.m2\repository\io\netty\netty-codec-http\4.1.84.Final\netty-codec-http-4.1.84.Final.jar;C:\Users\hsoezen\.m2\repository\io\netty\netty-codec\4.1.84.Final\netty-codec-4.1.84.Final.jar;C:\Users\hsoezen\.m2\repository\io\netty\netty-handler\4.1.84.Final\netty-handler-4.1.84.Final.jar;C:\Users\hsoezen\.m2\repository\io\netty\netty-common\4.1.84.Final\netty-common-4.1.84.Final.jar;C:\Users\hsoezen\.m2\repository\io\netty\netty-transport-classes-epoll\4.1.84.Final\netty-transport-classes-epoll-4.1.84.Final.jar;C:\Users\hsoezen\.m2\repository\io\netty\netty-transport-classes-kqueue\4.1.84.Final\netty-transport-classes-kqueue-4.1.84.Final.jar;C:\Users\hsoezen\.m2\repository\io\netty\netty-transport-native-epoll\4.1.84.Final\netty-transport-native-epoll-4.1.84.Final.jar;C:\Users\hsoezen\.m2\repository\io\netty\netty-transport-native-kqueue\4.1.84.Final\netty-transport-native-kqueue-4.1.84.Final.jar;C:\Users\hsoezen\.m2\repository\io\netty\netty-transport-native-unix-common\4.1.84.Final\netty-transport-native-unix-common-4.1.84.Final.jar;C:\Users\hsoezen\.m2\repository\io\netty\netty-transport\4.1.84.Final\netty-transport-4.1.84.Final.jar;C:\Users\hsoezen\.m2\repository\io\netty\netty-resolver\4.1.84.Final\netty-resolver-4.1.84.Final.jar;C:\Users\hsoezen\.m2\repository\io\opentelemetry\opentelemetry-api\1.19.0\opentelemetry-api-1.19.0.jar;C:\Users\hsoezen\.m2\repository\io\opentelemetry\opentelemetry-context\1.19.0\opentelemetry-context-1.19.0.jar;C:\Users\hsoezen\.m2\repository\io\opentelemetry\opentelemetry-exporter-logging\1.19.0\opentelemetry-exporter-logging-1.19.0.jar;C:\Users\hsoezen\.m2\repository\io\opentelemetry\opentelemetry-sdk-metrics\1.19.0\opentelemetry-sdk-metrics-1.19.0.jar;C:\Users\hsoezen\.m2\repository\io\opentelemetry\opentelemetry-sdk-logs\1.19.0-alpha\opentelemetry-sdk-logs-1.19.0-alpha.jar;C:\Users\hsoezen\.m2\repository\io\opentelemetry\opentelemetry-api-logs\1.19.0-alpha\opentelemetry-api-logs-1.19.0-alpha.jar;C:\Users\hsoezen\.m2\repository\io\opentelemetry\opentelemetry-sdk-common\1.19.0\opentelemetry-sdk-common-1.19.0.jar;C:\Users\hsoezen\.m2\repository\io\opentelemetry\opentelemetry-sdk-extension-autoconfigure-spi\1.19.0\opentelemetry-sdk-extension-autoconfigure-spi-1.19.0.jar;C:\Users\hsoezen\.m2\repository\io\opentelemetry\opentelemetry-sdk-extension-autoconfigure\1.19.0-alpha\opentelemetry-sdk-extension-autoconfigure-1.19.0-alpha.jar;C:\Users\hsoezen\.m2\repository\io\opentelemetry\opentelemetry-exporter-common\1.19.0\opentelemetry-exporter-common-1.19.0.jar;C:\Users\hsoezen\.m2\repository\io\opentelemetry\opentelemetry-sdk-trace\1.19.0\opentelemetry-sdk-trace-1.19.0.jar;C:\Users\hsoezen\.m2\repository\io\opentelemetry\opentelemetry-sdk\1.19.0\opentelemetry-sdk-1.19.0.jar;C:\Users\hsoezen\.m2\repository\io\opentelemetry\opentelemetry-semconv\1.19.0-alpha\opentelemetry-semconv-1.19.0-alpha.jar;C:\Users\hsoezen\.m2\repository\io\ous\jtoml\2.0.0\jtoml-2.0.0.jar;C:\Users\hsoezen\.m2\repository\net\bytebuddy\byte-buddy\1.12.18\byte-buddy-1.12.18.jar;C:\Users\hsoezen\.m2\repository\org\apache\commons\commons-exec\1.3\commons-exec-1.3.jar;C:\Users\hsoezen\.m2\repository\org\asynchttpclient\async-http-client\2.12.3\async-http-client-2.12.3.jar;C:\Users\hsoezen\.m2\repository\org\asynchttpclient\async-http-client-netty-utils\2.12.3\async-http-client-netty-utils-2.12.3.jar;C:\Users\hsoezen\.m2\repository\io\netty\netty-codec-socks\4.1.60.Final\netty-codec-socks-4.1.60.Final.jar;C:\Users\hsoezen\.m2\repository\io\netty\netty-handler-proxy\4.1.60.Final\netty-handler-proxy-4.1.60.Final.jar;C:\Users\hsoezen\.m2\repository\io\netty\netty-transport-native-epoll\4.1.60.Final\netty-transport-native-epoll-4.1.60.Final-linux-x86_64.jar;C:\Users\hsoezen\.m2\repository\io\netty\netty-transport-native-kqueue\4.1.60.Final\netty-transport-native-kqueue-4.1.60.Final-osx-x86_64.jar;C:\Users\hsoezen\.m2\repository\org\reactivestreams\reactive-streams\1.0.3\reactive-streams-1.0.3.jar;C:\Users\hsoezen\.m2\repository\com\typesafe\netty\netty-reactive-streams\2.0.4\netty-reactive-streams-2.0.4.jar;C:\Users\hsoezen\.m2\repository\com\sun\activation\jakarta.activation\1.2.2\jakarta.activation-1.2.2.jar;C:\Users\hsoezen\.m2\repository\org\seleniumhq\selenium\selenium-http\4.6.0\selenium-http-4.6.0.jar;C:\Users\hsoezen\.m2\repository\dev\failsafe\failsafe\3.3.0\failsafe-3.3.0.jar;C:\Users\hsoezen\.m2\repository\org\seleniumhq\selenium\selenium-json\4.6.0\selenium-json-4.6.0.jar;C:\Users\hsoezen\.m2\repository\org\seleniumhq\selenium\selenium-manager\4.6.0\selenium-manager-4.6.0.jar;C:\Users\hsoezen\.m2\repository\org\slf4j\slf4j-api\2.0.5\slf4j-api-2.0.5.jar;C:\Users\hsoezen\.m2\repository\org\apache\logging\log4j\log4j-slf4j2-impl\2.19.0\log4j-slf4j2-impl-2.19.0.jar;C:\Users\hsoezen\.m2\repository\org\apache\logging\log4j\log4j-api\2.19.0\log4j-api-2.19.0.jar;C:\Users\hsoezen\.m2\repository\org\apache\logging\log4j\log4j-core\2.19.0\log4j-core-2.19.0.jar;"/>
    <property name="java.vm.vendor" value="Oracle Corporation"/>
    <property name="sun.arch.data.model" value="64"/>
    <property name="user.variant" value=""/>
    <property name="java.vendor.url" value="http://java.oracle.com/"/>
    <property name="user.timezone" value="Europe/Berlin"/>
    <property name="java.vm.specification.version" value="1.8"/>
    <property name="os.name" value="Windows 10"/>
    <property name="user.country" value="DE"/>
    <property name="sun.java.launcher" value="SUN_STANDARD"/>
    <property name="sun.boot.library.path" value="C:\Program Files\Java\jdk1.8.0_331\jre\bin"/>
    <property name="sun.java.command" value="C:\Users\hsoezen\AppData\Local\Temp\surefire2633276015778214958\surefirebooter2310727454384059499.jar C:\Users\hsoezen\AppData\Local\Temp\surefire2633276015778214958 2022-12-02T16-51-12_879-jvmRun1 surefire7851840903156008727tmp surefire_08677269754301819189tmp"/>
    <property name="surefire.test.class.path" value="C:\Users\hsoezen\IdeaProjects\BarmeniaHS\target\test-classes;C:\Users\hsoezen\IdeaProjects\BarmeniaHS\target\classes;C:\Users\hsoezen\.m2\repository\org\seleniumhq\selenium\selenium-java\4.5.1\selenium-java-4.5.1.jar;C:\Users\hsoezen\.m2\repository\org\seleniumhq\selenium\selenium-api\4.5.1\selenium-api-4.5.1.jar;C:\Users\hsoezen\.m2\repository\org\seleniumhq\selenium\selenium-chrome-driver\4.5.1\selenium-chrome-driver-4.5.1.jar;C:\Users\hsoezen\.m2\repository\org\seleniumhq\selenium\selenium-chromium-driver\4.5.1\selenium-chromium-driver-4.5.1.jar;C:\Users\hsoezen\.m2\repository\org\seleniumhq\selenium\selenium-devtools-v104\4.5.1\selenium-devtools-v104-4.5.1.jar;C:\Users\hsoezen\.m2\repository\org\seleniumhq\selenium\selenium-devtools-v105\4.5.1\selenium-devtools-v105-4.5.1.jar;C:\Users\hsoezen\.m2\repository\org\seleniumhq\selenium\selenium-devtools-v106\4.5.1\selenium-devtools-v106-4.5.1.jar;C:\Users\hsoezen\.m2\repository\org\seleniumhq\selenium\selenium-devtools-v85\4.5.1\selenium-devtools-v85-4.5.1.jar;C:\Users\hsoezen\.m2\repository\org\seleniumhq\selenium\selenium-edge-driver\4.5.1\selenium-edge-driver-4.5.1.jar;C:\Users\hsoezen\.m2\repository\org\seleniumhq\selenium\selenium-firefox-driver\4.5.1\selenium-firefox-driver-4.5.1.jar;C:\Users\hsoezen\.m2\repository\org\seleniumhq\selenium\selenium-ie-driver\4.5.1\selenium-ie-driver-4.5.1.jar;C:\Users\hsoezen\.m2\repository\org\seleniumhq\selenium\selenium-safari-driver\4.5.1\selenium-safari-driver-4.5.1.jar;C:\Users\hsoezen\.m2\repository\org\seleniumhq\selenium\selenium-support\4.5.1\selenium-support-4.5.1.jar;C:\Users\hsoezen\.m2\repository\io\github\bonigarcia\webdrivermanager\5.1.1\webdrivermanager-5.1.1.jar;C:\Users\hsoezen\.m2\repository\com\google\code\gson\gson\2.9.0\gson-2.9.0.jar;C:\Users\hsoezen\.m2\repository\com\github\docker-java\docker-java\3.2.13\docker-java-3.2.13.jar;C:\Users\hsoezen\.m2\repository\com\github\docker-java\docker-java-core\3.2.13\docker-java-core-3.2.13.jar;C:\Users\hsoezen\.m2\repository\com\github\docker-java\docker-java-api\3.2.13\docker-java-api-3.2.13.jar;C:\Users\hsoezen\.m2\repository\com\fasterxml\jackson\core\jackson-annotations\2.10.3\jackson-annotations-2.10.3.jar;C:\Users\hsoezen\.m2\repository\commons-io\commons-io\2.6\commons-io-2.6.jar;C:\Users\hsoezen\.m2\repository\org\apache\commons\commons-compress\1.21\commons-compress-1.21.jar;C:\Users\hsoezen\.m2\repository\com\fasterxml\jackson\core\jackson-databind\2.10.3\jackson-databind-2.10.3.jar;C:\Users\hsoezen\.m2\repository\com\fasterxml\jackson\core\jackson-core\2.10.3\jackson-core-2.10.3.jar;C:\Users\hsoezen\.m2\repository\org\bouncycastle\bcpkix-jdk15on\1.64\bcpkix-jdk15on-1.64.jar;C:\Users\hsoezen\.m2\repository\org\bouncycastle\bcprov-jdk15on\1.64\bcprov-jdk15on-1.64.jar;C:\Users\hsoezen\.m2\repository\org\slf4j\jcl-over-slf4j\1.7.30\jcl-over-slf4j-1.7.30.jar;C:\Users\hsoezen\.m2\repository\com\github\docker-java\docker-java-transport-httpclient5\3.2.13\docker-java-transport-httpclient5-3.2.13.jar;C:\Users\hsoezen\.m2\repository\com\github\docker-java\docker-java-transport\3.2.13\docker-java-transport-3.2.13.jar;C:\Users\hsoezen\.m2\repository\net\java\dev\jna\jna\5.8.0\jna-5.8.0.jar;C:\Users\hsoezen\.m2\repository\org\brotli\dec\0.1.2\dec-0.1.2.jar;C:\Users\hsoezen\.m2\repository\org\apache\commons\commons-lang3\3.12.0\commons-lang3-3.12.0.jar;C:\Users\hsoezen\.m2\repository\org\apache\httpcomponents\client5\httpclient5\5.1.3\httpclient5-5.1.3.jar;C:\Users\hsoezen\.m2\repository\org\apache\httpcomponents\core5\httpcore5\5.1.3\httpcore5-5.1.3.jar;C:\Users\hsoezen\.m2\repository\org\apache\httpcomponents\core5\httpcore5-h2\5.1.3\httpcore5-h2-5.1.3.jar;C:\Users\hsoezen\.m2\repository\commons-codec\commons-codec\1.15\commons-codec-1.15.jar;C:\Users\hsoezen\.m2\repository\org\testng\testng\7.1.0\testng-7.1.0.jar;C:\Users\hsoezen\.m2\repository\com\beust\jcommander\1.72\jcommander-1.72.jar;C:\Users\hsoezen\.m2\repository\com\google\inject\guice\4.1.0\guice-4.1.0-no_aop.jar;C:\Users\hsoezen\.m2\repository\javax\inject\javax.inject\1\javax.inject-1.jar;C:\Users\hsoezen\.m2\repository\aopalliance\aopalliance\1.0\aopalliance-1.0.jar;C:\Users\hsoezen\.m2\repository\org\yaml\snakeyaml\1.21\snakeyaml-1.21.jar;C:\Users\hsoezen\.m2\repository\org\seleniumhq\selenium\selenium-remote-driver\4.6.0\selenium-remote-driver-4.6.0.jar;C:\Users\hsoezen\.m2\repository\com\google\auto\service\auto-service-annotations\1.0.1\auto-service-annotations-1.0.1.jar;C:\Users\hsoezen\.m2\repository\com\google\auto\service\auto-service\1.0.1\auto-service-1.0.1.jar;C:\Users\hsoezen\.m2\repository\com\google\auto\auto-common\1.2\auto-common-1.2.jar;C:\Users\hsoezen\.m2\repository\com\google\guava\guava\31.1-jre\guava-31.1-jre.jar;C:\Users\hsoezen\.m2\repository\com\google\guava\failureaccess\1.0.1\failureaccess-1.0.1.jar;C:\Users\hsoezen\.m2\repository\com\google\guava\listenablefuture\9999.0-empty-to-avoid-conflict-with-guava\listenablefuture-9999.0-empty-to-avoid-conflict-with-guava.jar;C:\Users\hsoezen\.m2\repository\com\google\code\findbugs\jsr305\3.0.2\jsr305-3.0.2.jar;C:\Users\hsoezen\.m2\repository\org\checkerframework\checker-qual\3.12.0\checker-qual-3.12.0.jar;C:\Users\hsoezen\.m2\repository\com\google\errorprone\error_prone_annotations\2.11.0\error_prone_annotations-2.11.0.jar;C:\Users\hsoezen\.m2\repository\com\google\j2objc\j2objc-annotations\1.3\j2objc-annotations-1.3.jar;C:\Users\hsoezen\.m2\repository\io\netty\netty-buffer\4.1.84.Final\netty-buffer-4.1.84.Final.jar;C:\Users\hsoezen\.m2\repository\io\netty\netty-codec-http\4.1.84.Final\netty-codec-http-4.1.84.Final.jar;C:\Users\hsoezen\.m2\repository\io\netty\netty-codec\4.1.84.Final\netty-codec-4.1.84.Final.jar;C:\Users\hsoezen\.m2\repository\io\netty\netty-handler\4.1.84.Final\netty-handler-4.1.84.Final.jar;C:\Users\hsoezen\.m2\repository\io\netty\netty-common\4.1.84.Final\netty-common-4.1.84.Final.jar;C:\Users\hsoezen\.m2\repository\io\netty\netty-transport-classes-epoll\4.1.84.Final\netty-transport-classes-epoll-4.1.84.Final.jar;C:\Users\hsoezen\.m2\repository\io\netty\netty-transport-classes-kqueue\4.1.84.Final\netty-transport-classes-kqueue-4.1.84.Final.jar;C:\Users\hsoezen\.m2\repository\io\netty\netty-transport-native-epoll\4.1.84.Final\netty-transport-native-epoll-4.1.84.Final.jar;C:\Users\hsoezen\.m2\repository\io\netty\netty-transport-native-kqueue\4.1.84.Final\netty-transport-native-kqueue-4.1.84.Final.jar;C:\Users\hsoezen\.m2\repository\io\netty\netty-transport-native-unix-common\4.1.84.Final\netty-transport-native-unix-common-4.1.84.Final.jar;C:\Users\hsoezen\.m2\repository\io\netty\netty-transport\4.1.84.Final\netty-transport-4.1.84.Final.jar;C:\Users\hsoezen\.m2\repository\io\netty\netty-resolver\4.1.84.Final\netty-resolver-4.1.84.Final.jar;C:\Users\hsoezen\.m2\repository\io\opentelemetry\opentelemetry-api\1.19.0\opentelemetry-api-1.19.0.jar;C:\Users\hsoezen\.m2\repository\io\opentelemetry\opentelemetry-context\1.19.0\opentelemetry-context-1.19.0.jar;C:\Users\hsoezen\.m2\repository\io\opentelemetry\opentelemetry-exporter-logging\1.19.0\opentelemetry-exporter-logging-1.19.0.jar;C:\Users\hsoezen\.m2\repository\io\opentelemetry\opentelemetry-sdk-metrics\1.19.0\opentelemetry-sdk-metrics-1.19.0.jar;C:\Users\hsoezen\.m2\repository\io\opentelemetry\opentelemetry-sdk-logs\1.19.0-alpha\opentelemetry-sdk-logs-1.19.0-alpha.jar;C:\Users\hsoezen\.m2\repository\io\opentelemetry\opentelemetry-api-logs\1.19.0-alpha\opentelemetry-api-logs-1.19.0-alpha.jar;C:\Users\hsoezen\.m2\repository\io\opentelemetry\opentelemetry-sdk-common\1.19.0\opentelemetry-sdk-common-1.19.0.jar;C:\Users\hsoezen\.m2\repository\io\opentelemetry\opentelemetry-sdk-extension-autoconfigure-spi\1.19.0\opentelemetry-sdk-extension-autoconfigure-spi-1.19.0.jar;C:\Users\hsoezen\.m2\repository\io\opentelemetry\opentelemetry-sdk-extension-autoconfigure\1.19.0-alpha\opentelemetry-sdk-extension-autoconfigure-1.19.0-alpha.jar;C:\Users\hsoezen\.m2\repository\io\opentelemetry\opentelemetry-exporter-common\1.19.0\opentelemetry-exporter-common-1.19.0.jar;C:\Users\hsoezen\.m2\repository\io\opentelemetry\opentelemetry-sdk-trace\1.19.0\opentelemetry-sdk-trace-1.19.0.jar;C:\Users\hsoezen\.m2\repository\io\opentelemetry\opentelemetry-sdk\1.19.0\opentelemetry-sdk-1.19.0.jar;C:\Users\hsoezen\.m2\repository\io\opentelemetry\opentelemetry-semconv\1.19.0-alpha\opentelemetry-semconv-1.19.0-alpha.jar;C:\Users\hsoezen\.m2\repository\io\ous\jtoml\2.0.0\jtoml-2.0.0.jar;C:\Users\hsoezen\.m2\repository\net\bytebuddy\byte-buddy\1.12.18\byte-buddy-1.12.18.jar;C:\Users\hsoezen\.m2\repository\org\apache\commons\commons-exec\1.3\commons-exec-1.3.jar;C:\Users\hsoezen\.m2\repository\org\asynchttpclient\async-http-client\2.12.3\async-http-client-2.12.3.jar;C:\Users\hsoezen\.m2\repository\org\asynchttpclient\async-http-client-netty-utils\2.12.3\async-http-client-netty-utils-2.12.3.jar;C:\Users\hsoezen\.m2\repository\io\netty\netty-codec-socks\4.1.60.Final\netty-codec-socks-4.1.60.Final.jar;C:\Users\hsoezen\.m2\repository\io\netty\netty-handler-proxy\4.1.60.Final\netty-handler-proxy-4.1.60.Final.jar;C:\Users\hsoezen\.m2\repository\io\netty\netty-transport-native-epoll\4.1.60.Final\netty-transport-native-epoll-4.1.60.Final-linux-x86_64.jar;C:\Users\hsoezen\.m2\repository\io\netty\netty-transport-native-kqueue\4.1.60.Final\netty-transport-native-kqueue-4.1.60.Final-osx-x86_64.jar;C:\Users\hsoezen\.m2\repository\org\reactivestreams\reactive-streams\1.0.3\reactive-streams-1.0.3.jar;C:\Users\hsoezen\.m2\repository\com\typesafe\netty\netty-reactive-streams\2.0.4\netty-reactive-streams-2.0.4.jar;C:\Users\hsoezen\.m2\repository\com\sun\activation\jakarta.activation\1.2.2\jakarta.activation-1.2.2.jar;C:\Users\hsoezen\.m2\repository\org\seleniumhq\selenium\selenium-http\4.6.0\selenium-http-4.6.0.jar;C:\Users\hsoezen\.m2\repository\dev\failsafe\failsafe\3.3.0\failsafe-3.3.0.jar;C:\Users\hsoezen\.m2\repository\org\seleniumhq\selenium\selenium-json\4.6.0\selenium-json-4.6.0.jar;C:\Users\hsoezen\.m2\repository\org\seleniumhq\selenium\selenium-manager\4.6.0\selenium-manager-4.6.0.jar;C:\Users\hsoezen\.m2\repository\org\slf4j\slf4j-api\2.0.5\slf4j-api-2.0.5.jar;C:\Users\hsoezen\.m2\repository\org\apache\logging\log4j\log4j-slf4j2-impl\2.19.0\log4j-slf4j2-impl-2.19.0.jar;C:\Users\hsoezen\.m2\repository\org\apache\logging\log4j\log4j-api\2.19.0\log4j-api-2.19.0.jar;C:\Users\hsoezen\.m2\repository\org\apache\logging\log4j\log4j-core\2.19.0\log4j-core-2.19.0.jar;"/>
    <property name="sun.cpu.endian" value="little"/>
    <property name="user.home" value="C:\Users\hsoezen"/>
    <property name="user.language" value="de"/>
    <property name="java.specification.vendor" value="Oracle Corporation"/>
    <property name="java.home" value="C:\Program Files\Java\jdk1.8.0_331\jre"/>
    <property name="basedir" value="C:\Users\hsoezen\IdeaProjects\BarmeniaHS"/>
    <property name="file.separator" value="\"/>
    <property name="line.separator" value="&#10;"/>
    <property name="java.vm.specification.vendor" value="Oracle Corporation"/>
    <property name="java.specification.name" value="Java Platform API Specification"/>
    <property name="java.awt.graphicsenv" value="sun.awt.Win32GraphicsEnvironment"/>
    <property name="surefire.real.class.path" value="C:\Users\hsoezen\AppData\Local\Temp\surefire2633276015778214958\surefirebooter2310727454384059499.jar"/>
    <property name="sun.boot.class.path" value="C:\Program Files\Java\jdk1.8.0_331\jre\lib\resources.jar;C:\Program Files\Java\jdk1.8.0_331\jre\lib\rt.jar;C:\Program Files\Java\jdk1.8.0_331\jre\lib\sunrsasign.jar;C:\Program Files\Java\jdk1.8.0_331\jre\lib\jsse.jar;C:\Program Files\Java\jdk1.8.0_331\jre\lib\jce.jar;C:\Program Files\Java\jdk1.8.0_331\jre\lib\charsets.jar;C:\Program Files\Java\jdk1.8.0_331\jre\lib\jfr.jar;C:\Program Files\Java\jdk1.8.0_331\jre\classes"/>
    <property name="user.script" value=""/>
    <property name="sun.management.compiler" value="HotSpot 64-Bit Tiered Compilers"/>
    <property name="java.runtime.version" value="1.8.0_331-b09"/>
    <property name="user.name" value="hsoezen"/>
    <property name="path.separator" value=";"/>
    <property name="os.version" value="10.0"/>
    <property name="java.endorsed.dirs" value="C:\Program Files\Java\jdk1.8.0_331\jre\lib\endorsed"/>
    <property name="java.runtime.name" value="Java(TM) SE Runtime Environment"/>
    <property name="file.encoding" value="Cp1252"/>
    <property name="java.vm.name" value="Java HotSpot(TM) 64-Bit Server VM"/>
    <property name="localRepository" value="C:\Users\hsoezen\.m2\repository"/>
    <property name="java.vendor.url.bug" value="http://bugreport.sun.com/bugreport/"/>
    <property name="java.io.tmpdir" value="C:\Users\hsoezen\AppData\Local\Temp\"/>
    <property name="java.version" value="1.8.0_331"/>
    <property name="user.dir" value="C:\Users\hsoezen\IdeaProjects\BarmeniaHS"/>
    <property name="os.arch" value="amd64"/>
    <property name="java.vm.specification.name" value="Java Virtual Machine Specification"/>
    <property name="java.awt.printerjob" value="sun.awt.windows.WPrinterJob"/>
    <property name="sun.os.patch.level" value=""/>
    <property name="java.library.path" value="C:\Program Files\Java\jdk1.8.0_331\jre\bin;C:\windows\Sun\Java\bin;C:\windows\system32;C:\windows;C:\Program Files\Java\jdk1.8.0_331\bin;C:\Python310\Scripts\;C:\Python310\;C:\Program Files (x86)\Common Files\Oracle\Java\javapath;C:\Program Files (x86)\TRICENTIS\Tosca Testsuite\ToscaCommander;C:\windows\system32;C:\windows;C:\windows\System32\Wbem;C:\windows\System32\WindowsPowerShell\v1.0\;C:\windows\System32\OpenSSH\;C:\Users\hsoezen\Downloads\apache-maven-3.8.6-bin\apache-maven-3.8.6\bin;C:\Program Files\dotnet\;C:\Program Files\nodejs\;C:\ProgramData\chocolatey\bin;C:\Users\hsoezen\AppData\Local\Android\Sdk\tools;C:\Users\hsoezen\AppData\Local\Android\Sdk\tools\bin;C:\Users\hsoezen\AppData\Local\Android\Sdk\platform-tools;;C:\Program Files\Docker\Docker\resources\bin;C:\Users\hsoezen\AppData\Local\Microsoft\WindowsApps;C:\Users\hsoezen\AppData\Local\Programs\Git\cmd;C:\Users\hsoezen\AppData\Roaming\npm;C:\Users\hsoezen\AppData\Local\Programs\Microsoft VS Code\bin;."/>
    <property name="java.vm.info" value="mixed mode"/>
    <property name="java.vendor" value="Oracle Corporation"/>
    <property name="java.vm.version" value="25.331-b09"/>
    <property name="java.ext.dirs" value="C:\Program Files\Java\jdk1.8.0_331\jre\lib\ext;C:\windows\Sun\Java\lib\ext"/>
    <property name="sun.io.unicode.encoding" value="UnicodeLittle"/>
    <property name="java.class.version" value="52.0"/>
  </properties>
  <testcase name="US001_TC_003_Benutzernahme_Voraussetzungen_mindestens_6_Zeichen" classname="testsThread.US_001_TC_003_Benutzername_Voraussetzungen" time="17.258">
    <system-err><![CDATA[Starting ChromeDriver 107.0.5304.62 (1eec40d3a5764881c92085aaee66d25075c159aa-refs/branch-heads/5304@{#942})S ont paorrtt in1g ChromeDri5v5e4r7 1
0O7n.l0y. 5l30o4c.6a2l  (1ceoecn4n0de3acti5o7n6s4 8are allow8ed.1
cP9l2e0as8e5 asaeeee 6h6ttdp2s5://0c7hr5omecdr1iv5er9.acharo-mirume.fosrg//bsreacnucrhi-thye-acodnssi/d5e3r0a4ti@o{n#s 9for sugg4esti2on}s )o n okene pipnogr Cth ro2m80eDriver5 sa5fe
.On
ly local connections are allowed.
Please see https://chromedriver.chromium.org/security-considerations for suggestions on keeping ChromeDriver safe.
ChromeDriver was started successfully.
ChromeDriver was started successfully.
Dez 02, 2022 4:51:15 PM org.openqa.selenium.devtools.CdpVersionFinder findNearestMatch
WARNUNG: Unable to find an exact match for CDP version 107, so returning the closest version found: 106
Dez 02, 2022 4:51:15 PM org.openqa.selenium.devtools.CdpVersionFinder findNearestMatch
WARNUNG: Unable to find an exact match for CDP version 107, so returning the closest version found: 106
]]></system-err>
  </testcase>
  <testcase name="US001_TC_003_Benutzernahme_Voraussetzungen_sonderZeichenUsw[AJonas/a](1)" classname="testsThread.US_001_TC_003_Benutzername_Voraussetzungen" time="18.808"/>
  <testcase name="US001_TC_003_Benutzernahme_Voraussetzungen_sonderZeichenUsw[Jona s](2)" classname="testsThread.US_001_TC_003_Benutzername_Voraussetzungen" time="16.196">
    <system-err><![CDATA[Starting ChromeDriver 107.0.5304.62 (1eec40d3a5764881c92085aaee66d25075c159aa-refs/branch-heads/5304@{#942}) on port 10458
Only local connections are allowed.
Please see https://chromedriver.chromium.org/security-considerations for suggestions on keeping ChromeDriver safe.
ChromeDriver was started successfully.
Dez 02, 2022 4:51:37 PM org.openqa.selenium.devtools.CdpVersionFinder findNearestMatch
WARNUNG: Unable to find an exact match for CDP version 107, so returning the closest version found: 106
]]></system-err>
  </testcase>
  <testcase name="US001_TC_003_Benutzernahme_Voraussetzungen_sonderZeichenUsw[Jonasü](3)" classname="testsThread.US_001_TC_003_Benutzername_Voraussetzungen" time="18.256">
    <system-err><![CDATA[Starting ChromeDriver 107.0.5304.62 (1eec40d3a5764881c92085aaee66d25075c159aa-refs/branch-heads/5304@{#942}) on port 42299
Only local connections are allowed.
Please see https://chromedriver.chromium.org/security-considerations for suggestions on keeping ChromeDriver safe.
ChromeDriver was started successfully.
Dez 02, 2022 4:51:55 PM org.openqa.selenium.devtools.CdpVersionFinder findNearestMatch
WARNUNG: Unable to find an exact match for CDP version 107, so returning the closest version found: 106
]]></system-err>
  </testcase>
  <testcase name="TC_002_Die_EMail_Adresse_soll_diese_Zeichen_enthalten[abc.com](1)" classname="testsThread.US_001_TC_002_Email_Voraussetzungen" time="25.998">
    <system-out><![CDATA[abc.com
Jetzt register Schaltfläche ist nicht anklickbar!
]]></system-out>
    <system-err><![CDATA[Starting ChromeDriver 107.0.5304.62 (1eec40d3a5764881c92085aaee66d25075c159aa-refs/branch-heads/5304@{#942}) on port 47070
Only local connections are allowed.
Please see https://chromedriver.chromium.org/security-considerations for suggestions on keeping ChromeDriver safe.
ChromeDriver was started successfully.
Dez 02, 2022 4:52:15 PM org.openqa.selenium.devtools.CdpVersionFinder findNearestMatch
WARNUNG: Unable to find an exact match for CDP version 107, so returning the closest version found: 106
]]></system-err>
  </testcase>
  <testcase name="TC_002_Die_EMail_Adresse_soll_diese_Zeichen_enthalten[@abc.com](2)" classname="testsThread.US_001_TC_002_Email_Voraussetzungen" time="27.316">
    <system-out><![CDATA[@abc.com
Jetzt register Schaltfläche ist nicht anklickbar!
]]></system-out>
    <system-err><![CDATA[Starting ChromeDriver 107.0.5304.62 (1eec40d3a5764881c92085aaee66d25075c159aa-refs/branch-heads/5304@{#942}) on port 43675
Only local connections are allowed.
Please see https://chromedriver.chromium.org/security-considerations for suggestions on keeping ChromeDriver safe.
ChromeDriver was started successfully.
Dez 02, 2022 4:52:43 PM org.openqa.selenium.devtools.CdpVersionFinder findNearestMatch
WARNUNG: Unable to find an exact match for CDP version 107, so returning the closest version found: 106
]]></system-err>
  </testcase>
  <testcase name="TC_002_Die_EMail_Adresse_soll_diese_Zeichen_enthalten[abc@dcom](3)" classname="testsThread.US_001_TC_002_Email_Voraussetzungen" time="14.036">
    <system-out><![CDATA[abc@dcom
Jetzt-register Schaltfläche ist anklickbar.
]]></system-out>
    <system-err><![CDATA[Starting ChromeDriver 107.0.5304.62 (1eec40d3a5764881c92085aaee66d25075c159aa-refs/branch-heads/5304@{#942}) on port 8324
Only local connections are allowed.
Please see https://chromedriver.chromium.org/security-considerations for suggestions on keeping ChromeDriver safe.
ChromeDriver was started successfully.
Dez 02, 2022 4:53:12 PM org.openqa.selenium.devtools.CdpVersionFinder findNearestMatch
WARNUNG: Unable to find an exact match for CDP version 107, so returning the closest version found: 106
]]></system-err>
  </testcase>
  <testcase name="TC_002_Die_EMail_Adresse_soll_diese_Zeichen_enthalten[abc@d.set](4)" classname="testsThread.US_001_TC_002_Email_Voraussetzungen" time="12.39">
    <system-out><![CDATA[abc@d.set
Jetzt-register Schaltfläche ist anklickbar.
]]></system-out>
    <system-err><![CDATA[Starting ChromeDriver 107.0.5304.62 (1eec40d3a5764881c92085aaee66d25075c159aa-refs/branch-heads/5304@{#942}) on port 34855
Only local connections are allowed.
Please see https://chromedriver.chromium.org/security-considerations for suggestions on keeping ChromeDriver safe.
ChromeDriver was started successfully.
Dez 02, 2022 4:53:28 PM org.openqa.selenium.devtools.CdpVersionFinder findNearestMatch
WARNUNG: Unable to find an exact match for CDP version 107, so returning the closest version found: 106
]]></system-err>
  </testcase>
</testsuite>