<?xml version="1.0" encoding="UTF-8"?>
<!-- Generated by org.testng.reporters.JUnitReportReporter -->
<testsuite skipped="0" hostname="FCU-NBK819" name="testsThread.US_001_TC_002_Email_Voraussetzungen" tests="4" failures="0" timestamp="2022-12-02T16:53:42 MEZ" time="87.558" errors="0">
  <testcase name="TC_002_Die_EMail_Adresse_soll_diese_Zeichen_enthalten" time="28.243" classname="testsThread.US_001_TC_002_Email_Voraussetzungen"/>
  <system-out/>
  <testcase name="TC_002_Die_EMail_Adresse_soll_diese_Zeichen_enthalten" time="14.248" classname="testsThread.US_001_TC_002_Email_Voraussetzungen"/>
  <system-out/>
  <testcase name="TC_002_Die_EMail_Adresse_soll_diese_Zeichen_enthalten" time="15.902" classname="testsThread.US_001_TC_002_Email_Voraussetzungen"/>
  <system-out/>
  <testcase name="TC_002_Die_EMail_Adresse_soll_diese_Zeichen_enthalten" time="29.165" classname="testsThread.US_001_TC_002_Email_Voraussetzungen"/>
  <system-out/>
</testsuite> <!-- testsThread.US_001_TC_002_Email_Voraussetzungen -->
