<?xml version="1.0" encoding="UTF-8"?>
<!-- Generated by org.testng.reporters.JUnitReportReporter -->
<testsuite skipped="0" hostname="FCU-NBK819" name="probe.DataProviderTest" tests="3" failures="0" timestamp="2022-11-23T13:14:07 MEZ" time="0.001" errors="0">
  <testcase name="addierenTest" time="0.000" classname="probe.DataProviderTest"/>
  <system-out/>
  <testcase name="addierenTest" time="0.001" classname="probe.DataProviderTest"/>
  <system-out/>
  <testcase name="addierenTest" time="0.000" classname="probe.DataProviderTest"/>
  <system-out/>
</testsuite> <!-- probe.DataProviderTest -->
