<?xml version="1.0" encoding="UTF-8"?>
<!-- Generated by org.testng.reporters.JUnitReportReporter -->
<testsuite skipped="0" hostname="FCU-NBK819" name="docker.DockerTest" tests="1" failures="0" timestamp="2022-11-29T16:19:38 MEZ" time="2.171" errors="0">
  <testcase name="test1" time="2.171" classname="docker.DockerTest"/>
  <system-out/>
</testsuite> <!-- docker.DockerTest -->
