<?xml version="1.0" encoding="UTF-8"?>
<!-- Generated by org.testng.reporters.JUnitReportReporter -->
<testsuite skipped="0" hostname="FCU-NBK819" name="testsThread.US_001_TC_001_Registirierung_mit_gueltigen_Daten" tests="1" failures="0" timestamp="2022-11-29T18:19:39 MEZ" time="13.247" errors="0">
  <testcase name="TC_001_Registirierung_mit_gueltigen_Daten" time="13.247" classname="testsThread.US_001_TC_001_Registirierung_mit_gueltigen_Daten"/>
  <system-out/>
</testsuite> <!-- testsThread.US_001_TC_001_Registirierung_mit_gueltigen_Daten -->
