<?xml version="1.0" encoding="UTF-8"?>
<!-- Generated by org.testng.reporters.JUnitReportReporter -->
<testsuite skipped="0" hostname="FCU-NBK819" name="testsThread.US_001_TC_001_Registirierung_mit_gueltigen_Daten" tests="1" failures="0" timestamp="2022-11-28T12:21:41 MEZ" time="15.495" errors="0">
  <testcase name="TC_001_Registirierung_mit_gueltigen_Daten" time="15.495" classname="testsThread.US_001_TC_001_Registirierung_mit_gueltigen_Daten"/>
  <system-out/>
</testsuite> <!-- testsThread.US_001_TC_001_Registirierung_mit_gueltigen_Daten -->
