<?xml version="1.0" encoding="UTF-8"?>
<!-- Generated by org.testng.reporters.JUnitReportReporter -->
<testsuite skipped="0" hostname="FCU-NBK819" name="probe.ThreadTest" tests="2" failures="0" timestamp="2022-11-23T13:14:07 MEZ" time="0.090" errors="0">
  <testcase name="thread1" time="0.000" classname="probe.ThreadTest"/>
  <system-out/>
  <testcase name="thread" time="0.090" classname="probe.ThreadTest"/>
  <system-out/>
</testsuite> <!-- probe.ThreadTest -->
