<?xml version="1.0" encoding="UTF-8"?>
<!-- Generated by org.testng.reporters.JUnitReportReporter -->
<testsuite skipped="0" hostname="FCU-NBK819" name="testsThread.US_001_TC_003_Benutzername_Voraussetzungen" tests="4" failures="0" timestamp="2022-12-02T16:53:42 MEZ" time="80.368" errors="0">
  <testcase name="US001_TC_003_Benutzernahme_Voraussetzungen_sonderZeichenUsw" time="18.798" classname="testsThread.US_001_TC_003_Benutzername_Voraussetzungen"/>
  <system-out/>
  <testcase name="US001_TC_003_Benutzernahme_Voraussetzungen_sonderZeichenUsw" time="21.384" classname="testsThread.US_001_TC_003_Benutzername_Voraussetzungen"/>
  <system-out/>
  <testcase name="US001_TC_003_Benutzernahme_Voraussetzungen_sonderZeichenUsw" time="21.038" classname="testsThread.US_001_TC_003_Benutzername_Voraussetzungen"/>
  <system-out/>
  <testcase name="US001_TC_003_Benutzernahme_Voraussetzungen_mindestens_6_Zeichen" time="19.148" classname="testsThread.US_001_TC_003_Benutzername_Voraussetzungen"/>
  <system-out/>
</testsuite> <!-- testsThread.US_001_TC_003_Benutzername_Voraussetzungen -->
